-------------------------------------------------
The trace creation timestamp is: mar. sept. 19 13:56:49 23
The executable build timestamp is: mar. sept. 28 11:08:31 21
The datecode is: 2021284
The pro machine type is: x86e_win64
The process ID is: 17424
The traceback type is : CRASH
The logger exit status is: 00003
The Trail is: trail.txt.3
The release is: 8.0
The product version is: 8.0.2.0
The product title is: Creo Parametric
-------------------------------------------------
Exception EXCEPTION_ACCESS_VIOLATION has occurred in the thread 14016.

Main Thread 14016
=====================
0x00007FFF8F7483DA	NULL (NULL:0) (baselibmt:0x00007FFF8F730000) ( 0xe259f618, 0x60d9b7d0, 0x60d9ace8, 0x0 ) 
0x00007FFF90E8CF96	NULL (NULL:0) (coretools_sh:0x00007FFF90DF0000) ( 0x6, 0x0, 0x9f7b51b0, 0x9f7b51b0 ) 
0x00007FFF90E8B7BC	NULL (NULL:0) (coretools_sh:0x00007FFF90DF0000) ( 0x60d9bc90, 0xa8e87570, 0x3a98, 0xb58e3ac8 ) 
0x00007FFF90E8EEAE	NULL (NULL:0) (coretools_sh:0x00007FFF90DF0000) ( 0xa9075880, 0xaf18ab01, 0xa9075870, 0x9f2d0000 ) 
0x00007FF7CED5D08A	NULL (NULL:0) (xtop:0x00007FF7C9630000) ( 0x650903e8, 0x0, 0x0, 0x0 ) 
0x00007FF7D57B2C23	NULL (NULL:0) (xtop:0x00007FF7C9630000) ( 0x1, 0x3a, 0x1, 0xced567e9 ) 
0x00007FF7CED58209	NULL (NULL:0) (xtop:0x00007FF7C9630000) ( 0xa8e87570, 0x3e8, 0xd7f99c00, 0x60d9c718 ) 
0x00007FF7CED55FBC	NULL (NULL:0) (xtop:0x00007FF7C9630000) ( 0x3e8, 0x0, 0x0, 0x0 ) 
0x00007FF7CED52C91	NULL (NULL:0) (xtop:0x00007FF7C9630000) ( 0x3e8, 0x0, 0x0, 0x0 ) 
0x00007FF7CA7ABF10	NULL (NULL:0) (xtop:0x00007FF7C9630000) ( 0x60da40c0, 0x1, 0xac030000, 0xa65369b8 ) 
0x00007FF7CA7A79F2	NULL (NULL:0) (xtop:0x00007FF7C9630000) ( 0x0, 0xa65369b8, 0x1, 0x0 ) 
0x00007FF7CA7AB08D	NULL (NULL:0) (xtop:0x00007FF7C9630000) ( 0x1, 0xa65369b8, 0xe, 0x1 ) 
0x00007FFF9102A289	NULL (NULL:0) (coreutils_sh:0x00007FFF90F60000) ( 0x0, 0xa65369b8, 0x2, 0x0 ) 
0x00007FFF91054C4C	NULL (NULL:0) (coreutils_sh:0x00007FFF90F60000) ( 0x1, 0x910457a2, 0x1, 0x0 ) 
0x00007FFF9103EB99	NULL (NULL:0) (coreutils_sh:0x00007FFF90F60000) ( 0xa65369b8, 0x0, 0x1, 0x1 ) 
0x00007FFF91051CD7	NULL (NULL:0) (coreutils_sh:0x00007FFF90F60000) ( 0x0, 0x0, 0x1, 0x0 ) 
0x00007FFF91039963	NULL (NULL:0) (coreutils_sh:0x00007FFF90F60000) ( 0x0, 0x0, 0x64, 0x1 ) 
0x00007FF7CAA8710E	NULL (NULL:0) (xtop:0x00007FF7C9630000) ( 0x0, 0x64, 0x64, 0x64 ) 
0x00007FF7CAA85E98	NULL (NULL:0) (xtop:0x00007FF7C9630000) ( 0x0, 0x0, 0xb2b85e10, 0x0 ) 
0x00007FF7CAA85A36	NULL (NULL:0) (xtop:0x00007FF7C9630000) ( 0x64, 0x64, 0x64, 0x64 ) 
0x00007FF7CAA85BCD	NULL (NULL:0) (xtop:0x00007FF7C9630000) ( 0x64, 0xd5a57a18, 0x60daccc0, 0x0 ) 
0x00007FF7CAA872C5	NULL (NULL:0) (xtop:0x00007FF7C9630000) ( 0x0, 0x3e8, 0x0, 0x0 ) 
0x00007FF7CAA8573E	NULL (NULL:0) (xtop:0x00007FF7C9630000) ( 0xa1e4fd30, 0xa1e4fd30, 0xd5a57a20, 0x12 ) 
0x00007FF7CA87BED4	NULL (NULL:0) (xtop:0x00007FF7C9630000) ( 0x3, 0x0, 0x60dac650, 0x90f7302e ) 
0x00007FF7CA868255	NULL (NULL:0) (xtop:0x00007FF7C9630000) ( 0x60dac870, 0x0, 0xd5f738c8, 0x0 ) 
0x00007FFF90E392FB	NULL (NULL:0) (coretools_sh:0x00007FFF90DF0000) ( 0xc27c9b70, 0x60daccc0, 0x60dac870, 0x0 ) 
0x00007FF7CFAF2C0C	NULL (NULL:0) (xtop:0x00007FF7C9630000) ( 0xca87bdc0, 0x0, 0x2, 0x0 ) 
0x00007FF7CFAF8D67	NULL (NULL:0) (xtop:0x00007FF7C9630000) ( 0x0, 0x60daccc0, 0x60dac870, 0x1a9d ) 
0x00007FF7CFAFA83B	NULL (NULL:0) (xtop:0x00007FF7C9630000) ( 0x0, 0x60dad4c0, 0x60dac8e0, 0xd ) 
0x00007FF7CB39CFEF	NULL (NULL:0) (xtop:0x00007FF7C9630000) ( 0x1a9d, 0x60dad4c0, 0x60dad566, 0x3 ) 
0x00007FF7CA6BFBAC	NULL (NULL:0) (xtop:0x00007FF7C9630000) ( 0xbc503b58, 0x60dade70, 0x1, 0x60dadc60 ) 
0x00007FF7CA6C058C	NULL (NULL:0) (xtop:0x00007FF7C9630000) ( 0x0, 0x3f, 0xb0bdb448, 0x0 ) 
0x00007FF7CA3E1FFA	NULL (NULL:0) (xtop:0x00007FF7C9630000) ( 0xbc503b58, 0x60dae1b0, 0x60dae1c0, 0xb0bdb448 ) 
0x00007FF7CA3E1EDC	NULL (NULL:0) (xtop:0x00007FF7C9630000) ( 0x60dae1b0, 0x0, 0x0, 0x0 ) 
0x00007FF7CB706A0F	NULL (NULL:0) (xtop:0x00007FF7C9630000) ( 0xffffffff, 0x0, 0x0, 0x0 ) 
0x00007FF7CB70919D	NULL (NULL:0) (xtop:0x00007FF7C9630000) ( 0xb0bdb448, 0x0, 0x1, 0x60daec30 ) 
0x00007FF7CA4A8567	NULL (NULL:0) (xtop:0x00007FF7C9630000) ( 0x0, 0x4, 0x60dae380, 0x0 ) 
0x00007FF7CA4CBC7D	NULL (NULL:0) (xtop:0x00007FF7C9630000) ( 0xed9d04e9, 0x0, 0x0, 0x9f3a8f50 ) 
0x00007FF7CA4ED536	NULL (NULL:0) (xtop:0x00007FF7C9630000) ( 0xca3d9490, 0x60daec30, 0x6, 0x800005 ) 
0x00007FF7CA4ED7B7	NULL (NULL:0) (xtop:0x00007FF7C9630000) ( 0xb0bdb448, 0x60dae8c0, 0x800005, 0xbc2d0298 ) 
0x00007FF7CA3D93ED	NULL (NULL:0) (xtop:0x00007FF7C9630000) ( 0x1, 0xffffffff, 0x0, 0xffffffff ) 
0x00007FF7CA3D88C9	NULL (NULL:0) (xtop:0x00007FF7C9630000) ( 0xb0bdb448, 0xd94d8b30, 0xffffffff, 0x800005 ) 
0x00007FF7CA4B966D	NULL (NULL:0) (xtop:0x00007FF7C9630000) ( 0xa85123b8, 0xffffffff, 0x90ce3630, 0xa84a89a8 ) 
0x00007FFF90C71386	NULL (NULL:0) (libui_sh:0x00007FFF909E0000) ( 0x0, 0x2045a1, 0x800000, 0x800005 ) 
0x00007FFF90B671C5	NULL (NULL:0) (libui_sh:0x00007FFF909E0000) ( 0xa85123b8, 0x0, 0x800005, 0xcfed6530 ) 
0x00007FF7CFEDB8AA	NULL (NULL:0) (xtop:0x00007FF7C9630000) ( 0x60daee80, 0x0, 0x0, 0xa8060458 ) 
0x00007FF7CFED6539	NULL (NULL:0) (xtop:0x00007FF7C9630000) ( 0x60daf140, 0x60daf190, 0xa8060410, 0xffffffff ) 
0x00007FF7D0730652	NULL (NULL:0) (xtop:0x00007FF7C9630000) ( 0x0, 0xa8060410, 0xa8060458, 0x0 ) 
0x00007FF7D0730D7E	NULL (NULL:0) (xtop:0x00007FF7C9630000) ( 0x0, 0x0, 0x24, 0x0 ) 
0x00007FF7D073C1D7	NULL (NULL:0) (xtop:0x00007FF7C9630000) ( 0x1, 0x2, 0x60daf430, 0xd5e8f440 ) 
0x00007FF7D0735A14	NULL (NULL:0) (xtop:0x00007FF7C9630000) ( 0x7, 0xa22929c4, 0x0, 0x0 ) 
0x00007FFF90E392FB	NULL (NULL:0) (coretools_sh:0x00007FFF90DF0000) ( 0xd5898c89, 0x90d5c0a0, 0x4, 0xcc7ea33a ) 
0x00007FF7D073BF89	NULL (NULL:0) (xtop:0x00007FF7C9630000) ( 0x90d5c0a0, 0x0, 0x0, 0xacd31880 ) 
0x00007FF7CA4EDA26	NULL (NULL:0) (xtop:0x00007FF7C9630000) ( 0xa1c34528, 0x4, 0x0, 0x0 ) 
0x00007FF7CA3F16AA	NULL (NULL:0) (xtop:0x00007FF7C9630000) ( 0xa1c34528, 0x0, 0x90d5c0a0, 0x4 ) 
0x00007FF7D2268D1A	NULL (NULL:0) (xtop:0x00007FF7C9630000) ( 0x1, 0x60daf540, 0xa1c34528, 0x0 ) 
0x00007FF7D2268DCA	NULL (NULL:0) (xtop:0x00007FF7C9630000) ( 0xa1c34528, 0xd2268d40, 0x9f2f3cb8, 0x60daf880 ) 
0x00007FFF90C1633C	NULL (NULL:0) (libui_sh:0x00007FFF909E0000) ( 0xa1c34528, 0xd2268d40, 0x60daf880, 0x0 ) 
0x00007FFF90C17EEF	NULL (NULL:0) (libui_sh:0x00007FFF909E0000) ( 0xd2268d40, 0x0, 0x0, 0xd588f548 ) 
0x00007FFF909FF7ED	NULL (NULL:0) (libui_sh:0x00007FFF909E0000) ( 0xa, 0x4, 0xa1c34528, 0x0 ) 
0x00007FF7D2266322	NULL (NULL:0) (xtop:0x00007FF7C9630000) ( 0x0, 0x0, 0x0, 0x0 ) 
0x00007FFFAE22257D	NULL (NULL:0) (KERNEL32:0x00007FFFAE210000) ( 0x0, 0x0, 0x0, 0x0 ) 

Thread 16648
=====================
0x00007FFFAF1F29A4	NULL (NULL:0) (ntdll:0x00007FFFAF150000) ( 0x9f2d8e30, 0x9f2d8e30, 0x1, 0x9f2dfbe0 ) 
0x00007FFFAF18536E	NULL (NULL:0) (ntdll:0x00007FFFAF150000) ( 0x0, 0x0, 0x0, 0x0 ) 
0x00007FFFAE22257D	NULL (NULL:0) (KERNEL32:0x00007FFFAE210000) ( 0x0, 0x0, 0x0, 0x0 ) 

Thread 16940
=====================
0x00007FFFAF1F29A4	NULL (NULL:0) (ntdll:0x00007FFFAF150000) ( 0x9f2d8e30, 0x9f2d8e30, 0x1, 0x9f2e4cb0 ) 
0x00007FFFAF18536E	NULL (NULL:0) (ntdll:0x00007FFFAF150000) ( 0x0, 0x0, 0x0, 0x0 ) 
0x00007FFFAE22257D	NULL (NULL:0) (KERNEL32:0x00007FFFAE210000) ( 0x0, 0x0, 0x0, 0x0 ) 

Thread 17380
=====================
0x00007FFFAF1F29A4	NULL (NULL:0) (ntdll:0x00007FFFAF150000) ( 0x9f2d8e30, 0x9f2d8e30, 0x1, 0x9f2e70f0 ) 
0x00007FFFAF18536E	NULL (NULL:0) (ntdll:0x00007FFFAF150000) ( 0x0, 0x0, 0x0, 0x0 ) 
0x00007FFFAE22257D	NULL (NULL:0) (KERNEL32:0x00007FFFAE210000) ( 0x0, 0x0, 0x0, 0x0 ) 

Thread 11972
=====================
0x00007FFFACB1ACF4	NULL (NULL:0) (win32u:0x00007FFFACB10000) ( 0x0, 0x62c6f839, 0xa19c48b0, 0x0 ) 
0x00007FFF8F929464	NULL (NULL:0) (asyncoremt:0x00007FFF8F8F0000) ( 0x9f65e330, 0x9f65e330, 0xa19aeab0, 0x9f990870 ) 
0x00007FFF8F923676	NULL (NULL:0) (asyncoremt:0x00007FFF8F8F0000) ( 0x9f65e330, 0xa19c45e0, 0xa1bc30d8, 0x8f51fe13 ) 
0x00007FFF8F9233DA	NULL (NULL:0) (asyncoremt:0x00007FFF8F8F0000) ( 0xa19c45e0, 0x9f6308f0, 0x0, 0xa19c45e0 ) 
0x00007FFF8F9237AF	NULL (NULL:0) (asyncoremt:0x00007FFF8F8F0000) ( 0xa17734f0, 0x0, 0x0, 0x0 ) 
0x00007FFFACD49363	NULL (NULL:0) (ucrtbase:0x00007FFFACD20000) ( 0x0, 0x0, 0x0, 0x0 ) 
0x00007FFFAE22257D	NULL (NULL:0) (KERNEL32:0x00007FFFAE210000) ( 0x0, 0x0, 0x0, 0x0 ) 

Thread 6192
=====================
0x00007FFFAF1EF8A4	NULL (NULL:0) (ntdll:0x00007FFFAF150000) ( 0xffffffff, 0xaba7ae3f, 0xb64ca74f, 0x16 ) 
0x00007FFFAC64FC89	NULL (NULL:0) (KERNELBASE:0x00007FFFAC5F0000) ( 0xffffffff, 0x9f65e490, 0xa1e74ed8, 0x6341f680 ) 
0x00007FFF8F8F1946	NULL (NULL:0) (asyncoremt:0x00007FFF8F8F0000) ( 0x5fc21854, 0x5fc21854, 0x1, 0x9f65e490 ) 
0x00007FFF8F8F9204	NULL (NULL:0) (asyncoremt:0x00007FFF8F8F0000) ( 0x1, 0x9f65e440, 0x4, 0x0 ) 
0x00007FFF8F92955E	NULL (NULL:0) (asyncoremt:0x00007FFF8F8F0000) ( 0xa1bc30d8, 0x8f520f12, 0xa1e775a0, 0xa1e775a0 ) 
0x00007FFF8F923676	NULL (NULL:0) (asyncoremt:0x00007FFF8F8F0000) ( 0x9f65e440, 0xa19c5090, 0xa1bc30d8, 0x8f51fe13 ) 
0x00007FFF8F9233DA	NULL (NULL:0) (asyncoremt:0x00007FFF8F8F0000) ( 0xa19c5090, 0x9f6308f0, 0x0, 0xa19c5090 ) 
0x00007FFF8F9237AF	NULL (NULL:0) (asyncoremt:0x00007FFF8F8F0000) ( 0xa1773520, 0x0, 0x0, 0x0 ) 
0x00007FFFACD49363	NULL (NULL:0) (ucrtbase:0x00007FFFACD20000) ( 0x0, 0x0, 0x0, 0x0 ) 
0x00007FFFAE22257D	NULL (NULL:0) (KERNEL32:0x00007FFFAE210000) ( 0x0, 0x0, 0x0, 0x0 ) 

Thread 4904
=====================
0x00007FFFAF1EF8A4	NULL (NULL:0) (ntdll:0x00007FFFAF150000) ( 0x63bcf178, 0x63bcf170, 0x4, 0x8f5218b5 ) 
0x00007FFFAC64FC89	NULL (NULL:0) (KERNELBASE:0x00007FFFAC5F0000) ( 0x1, 0xa19c44a8, 0xa1e77158, 0x63bcf4d0 ) 
0x00007FFF8F8F1946	NULL (NULL:0) (asyncoremt:0x00007FFF8F8F0000) ( 0x601aacdf, 0x601aacdf, 0x1, 0xa19c44a8 ) 
0x00007FFF8F8F9204	NULL (NULL:0) (asyncoremt:0x00007FFF8F8F0000) ( 0x1, 0xa19c4450, 0xa19c4aa0, 0x60f30450 ) 
0x00007FFF8F9295CE	NULL (NULL:0) (asyncoremt:0x00007FFF8F8F0000) ( 0xa19c4450, 0x8f52c4c1, 0x3, 0xa19c4aa0 ) 
0x00007FFF8F92400D	NULL (NULL:0) (asyncoremt:0x00007FFF8F8F0000) ( 0xa19c4450, 0xa19c4450, 0xa19aeba0, 0x9f8b0870 ) 
0x00007FFF8F923676	NULL (NULL:0) (asyncoremt:0x00007FFF8F8F0000) ( 0xa19c4450, 0xa19c4aa0, 0xa1bc30d8, 0x8f51fe13 ) 
0x00007FFF8F9233DA	NULL (NULL:0) (asyncoremt:0x00007FFF8F8F0000) ( 0xa19c4aa0, 0x9f6308f0, 0x0, 0xa19c4aa0 ) 
0x00007FFF8F9237AF	NULL (NULL:0) (asyncoremt:0x00007FFF8F8F0000) ( 0x9f3b4200, 0x0, 0x0, 0x0 ) 
0x00007FFFACD49363	NULL (NULL:0) (ucrtbase:0x00007FFFACD20000) ( 0x0, 0x0, 0x0, 0x0 ) 
0x00007FFFAE22257D	NULL (NULL:0) (KERNEL32:0x00007FFFAE210000) ( 0x0, 0x0, 0x0, 0x0 ) 

Thread 15960
=====================
0x00007FFFAF1EEDD4	NULL (NULL:0) (ntdll:0x00007FFFAF150000) ( 0x48, 0x1, 0x0, 0x0 ) 
0x00007FFFAC623F7E	NULL (NULL:0) (KERNELBASE:0x00007FFFAC5F0000) ( 0x9f3ac148, 0x0, 0x0, 0x694 ) 
0x00007FFF8F7685EB	NULL (NULL:0) (baselibmt:0x00007FFF8F730000) ( 0xa1df4198, 0x1, 0xa1df4198, 0x0 ) 
0x00007FFF8F813E45	NULL (NULL:0) (baselibmt:0x00007FFF8F730000) ( 0x9f2fbd00, 0x0, 0x9f3ac130, 0x3c ) 
0x00007FFFACD49363	NULL (NULL:0) (ucrtbase:0x00007FFFACD20000) ( 0x0, 0x0, 0x0, 0x0 ) 
0x00007FFFAE22257D	NULL (NULL:0) (KERNEL32:0x00007FFFAE210000) ( 0x0, 0x0, 0x0, 0x0 ) 

Thread 11152
=====================
0x00007FFFAF1F29A4	NULL (NULL:0) (ntdll:0x00007FFFAF150000) ( 0x0, 0x9f2f0ef0, 0x0, 0x0 ) 
0x00007FFFAF18536E	NULL (NULL:0) (ntdll:0x00007FFFAF150000) ( 0x0, 0x0, 0x0, 0x0 ) 
0x00007FFFAE22257D	NULL (NULL:0) (KERNEL32:0x00007FFFAE210000) ( 0x0, 0x0, 0x0, 0x0 ) 

Thread 16928
=====================
0x00007FFFAF1EF8A4	NULL (NULL:0) (ntdll:0x00007FFFAF150000) ( 0x0, 0x0, 0x0, 0x0 ) 
0x00007FFFAC64FC89	NULL (NULL:0) (KERNELBASE:0x00007FFFAC5F0000) ( 0x9f394120, 0x0, 0x9f394120, 0x0 ) 
0x00007FFFAC9E4937	NULL (NULL:0) (CRYPT32:0x00007FFFAC9A0000) ( 0x0, 0x0, 0x0, 0x0 ) 
0x00007FFFAE22257D	NULL (NULL:0) (KERNEL32:0x00007FFFAE210000) ( 0x0, 0x0, 0x0, 0x0 ) 

Thread 9228
=====================
0x00007FFFAF1EEE74	NULL (NULL:0) (ntdll:0x00007FFFAF150000) ( 0x0, 0x0, 0x1, 0xaba70000 ) 
0x00007FFFABA7E36B	NULL (NULL:0) (mswsock:0x00007FFFABA70000) ( 0xaba7cb90, 0xa22b29a0, 0x0, 0x0 ) 
0x00007FFFAE22257D	NULL (NULL:0) (KERNEL32:0x00007FFFAE210000) ( 0x0, 0x0, 0x0, 0x0 ) 

Thread 10476
=====================
0x00007FFFAF1F29A4	NULL (NULL:0) (ntdll:0x00007FFFAF150000) ( 0x1000b, 0xa1766301, 0x1, 0xa1766360 ) 
0x00007FFFAF18536E	NULL (NULL:0) (ntdll:0x00007FFFAF150000) ( 0x0, 0x0, 0x0, 0x0 ) 
0x00007FFFAE22257D	NULL (NULL:0) (KERNEL32:0x00007FFFAE210000) ( 0x0, 0x0, 0x0, 0x0 ) 

Thread 16516
=====================
0x00007FFFAF1F29A4	NULL (NULL:0) (ntdll:0x00007FFFAF150000) ( 0xa1766360, 0xa1766360, 0x1, 0xa1766360 ) 
0x00007FFFAF18536E	NULL (NULL:0) (ntdll:0x00007FFFAF150000) ( 0x0, 0x0, 0x0, 0x0 ) 
0x00007FFFAE22257D	NULL (NULL:0) (KERNEL32:0x00007FFFAE210000) ( 0x0, 0x0, 0x0, 0x0 ) 

Thread 9888
=====================
0x00007FFFAF1EF3D4	NULL (NULL:0) (ntdll:0x00007FFFAF150000) ( 0x1, 0xd0700e6d, 0xa19c6f10, 0xa1d903f0 ) 
0x00007FFFAF1A5193	NULL (NULL:0) (ntdll:0x00007FFFAF150000) ( 0x0, 0xd070221e, 0x6719fb60, 0xcc7f4ed9 ) 
0x00007FFFAC634B2D	NULL (NULL:0) (KERNELBASE:0x00007FFFAC5F0000) ( 0x0, 0x0, 0xff676980, 0x0 ) 
0x00007FF7CA88375F	NULL (NULL:0) (xtop:0x00007FF7C9630000) ( 0xa19c6f10, 0xa19afbe0, 0xa1bc30d8, 0x0 ) 
0x00007FFF8F923676	NULL (NULL:0) (asyncoremt:0x00007FFF8F8F0000) ( 0xa19c6f10, 0xa19c93c0, 0xa1bc30d8, 0x40 ) 
0x00007FFF8F9233DA	NULL (NULL:0) (asyncoremt:0x00007FFF8F8F0000) ( 0xa19c93c0, 0x9f6308f0, 0x0, 0xa19c93c0 ) 
0x00007FFF8F9237AF	NULL (NULL:0) (asyncoremt:0x00007FFF8F8F0000) ( 0x9f3a8b10, 0x0, 0x0, 0x0 ) 
0x00007FFFACD49363	NULL (NULL:0) (ucrtbase:0x00007FFFACD20000) ( 0x0, 0x0, 0x0, 0x0 ) 
0x00007FFFAE22257D	NULL (NULL:0) (KERNEL32:0x00007FFFAE210000) ( 0x0, 0x0, 0x0, 0x0 ) 

Thread 17372
=====================
0x00007FFFAF1EF8A4	NULL (NULL:0) (ntdll:0x00007FFFAF150000) ( 0x27f, 0x0, 0x0, 0x1f80 ) 
0x00007FFFAC64FC89	NULL (NULL:0) (KERNELBASE:0x00007FFFAC5F0000) ( 0x0, 0x0, 0x0, 0x0 ) 
0x00007FFFAC64FB8E	NULL (NULL:0) (KERNELBASE:0x00007FFFAC5F0000) ( 0x0, 0x0, 0x0, 0x0 ) 
0x00007FF7D07995A8	NULL (NULL:0) (xtop:0x00007FF7C9630000) ( 0x0, 0x0, 0x0, 0x0 ) 
0x00007FFFAE22257D	NULL (NULL:0) (KERNEL32:0x00007FFFAE210000) ( 0x0, 0x0, 0x0, 0x0 ) 

Thread 2072
=====================
0x00007FFFAF1EEDD4	NULL (NULL:0) (ntdll:0x00007FFFAF150000) ( 0x0, 0x1a801, 0x1, 0x0 ) 
0x00007FFFAC623F7E	NULL (NULL:0) (KERNELBASE:0x00007FFFAC5F0000) ( 0xa3a7a080, 0xb6b924b0, 0x0, 0xaa0 ) 
0x00007FFF163365BA	NULL (NULL:0) (nvoglv64:0x00007FFF15570000) ( 0x103, 0xa3fd8dc8, 0x19, 0xa3a7a080 ) 
0x00007FFF160C07EC	NULL (NULL:0) (nvoglv64:0x00007FFF15570000) ( 0xa3fd9280, 0xa3fd9280, 0x0, 0x0 ) 
0x00007FFF160C01C4	NULL (NULL:0) (nvoglv64:0x00007FFF15570000) ( 0xa3fd9280, 0x0, 0x0, 0x0 ) 
0x00007FFF16337E78	NULL (NULL:0) (nvoglv64:0x00007FFF15570000) ( 0x0, 0x0, 0x0, 0x0 ) 
0x00007FFFAE22257D	NULL (NULL:0) (KERNEL32:0x00007FFFAE210000) ( 0x0, 0x0, 0x0, 0x0 ) 

Thread 1820
=====================
0x00007FFFAF1EF8A4	NULL (NULL:0) (ntdll:0x00007FFFAF150000) ( 0x0, 0x0, 0x0, 0xaf1aaa40 ) 
0x00007FFFAC64FC89	NULL (NULL:0) (KERNELBASE:0x00007FFFAC5F0000) ( 0x0, 0x0, 0x68090180, 0x0 ) 
0x00007FFFAC64FB8E	NULL (NULL:0) (KERNELBASE:0x00007FFFAC5F0000) ( 0x0, 0x0, 0x0, 0x0 ) 
0x00007FFF1636C2C7	NULL (NULL:0) (nvoglv64:0x00007FFF15570000) ( 0x68090180, 0x0, 0x0, 0x0 ) 
0x00007FFF1636B88B	NULL (NULL:0) (nvoglv64:0x00007FFF15570000) ( 0x0, 0x0, 0x0, 0x0 ) 
0x00007FFFAE22257D	NULL (NULL:0) (KERNEL32:0x00007FFFAE210000) ( 0x0, 0x0, 0x0, 0x0 ) 

Thread 15040
=====================
0x00007FFFAF1EEDD4	NULL (NULL:0) (ntdll:0x00007FFFAF150000) ( 0xa19f96b0, 0xaf18ab01, 0xa19f96a0, 0x9f630000 ) 
0x00007FFFAC623F7E	NULL (NULL:0) (KERNELBASE:0x00007FFFAC5F0000) ( 0xa1bc30d8, 0xa19ca690, 0x0, 0xadc ) 
0x00007FFF8F768617	NULL (NULL:0) (baselibmt:0x00007FFF8F730000) ( 0xa1bc30d8, 0xbd793701, 0x8, 0x40 ) 
0x00007FFF8F9234D5	NULL (NULL:0) (asyncoremt:0x00007FFF8F8F0000) ( 0xa19cc220, 0x9f6308f0, 0x0, 0xa19cc220 ) 
0x00007FFF8F9237AF	NULL (NULL:0) (asyncoremt:0x00007FFF8F8F0000) ( 0xa2488a60, 0x0, 0x0, 0x0 ) 
0x00007FFFACD49363	NULL (NULL:0) (ucrtbase:0x00007FFFACD20000) ( 0x0, 0x0, 0x0, 0x0 ) 
0x00007FFFAE22257D	NULL (NULL:0) (KERNEL32:0x00007FFFAE210000) ( 0x0, 0x0, 0x0, 0x0 ) 

Thread 7988
=====================
0x00007FFFAF1F1164	NULL (NULL:0) (ntdll:0x00007FFFAF150000) ( 0x0, 0x0, 0x0, 0x0 ) 
0x00007FFFAC61C6AD	NULL (NULL:0) (KERNELBASE:0x00007FFFAC5F0000) ( 0x0, 0x0, 0x0, 0x0 ) 
0x00007FFF90BC1E6C	NULL (NULL:0) (libui_sh:0x00007FFF909E0000) ( 0x4, 0x1, 0x4, 0xa2abf3f0 ) 
0x00007FFFAE22257D	NULL (NULL:0) (KERNEL32:0x00007FFFAE210000) ( 0x0, 0x0, 0x0, 0x0 ) 

Thread 10528
=====================
0x00007FFFAF1F29A4	NULL (NULL:0) (ntdll:0x00007FFFAF150000) ( 0x9f2d0c50, 0x9f2d0c50, 0x1, 0x9f2d0c50 ) 
0x00007FFFAF18536E	NULL (NULL:0) (ntdll:0x00007FFFAF150000) ( 0x0, 0x0, 0x0, 0x0 ) 
0x00007FFFAE22257D	NULL (NULL:0) (KERNEL32:0x00007FFFAE210000) ( 0x0, 0x0, 0x0, 0x0 ) 

Thread 16744
=====================
0x00007FFFAF1F29A4	NULL (NULL:0) (ntdll:0x00007FFFAF150000) ( 0x9f2d0c50, 0x9f2d0c50, 0x1, 0x9f2d0c50 ) 
0x00007FFFAF18536E	NULL (NULL:0) (ntdll:0x00007FFFAF150000) ( 0x0, 0x0, 0x0, 0x0 ) 
0x00007FFFAE22257D	NULL (NULL:0) (KERNEL32:0x00007FFFAE210000) ( 0x0, 0x0, 0x0, 0x0 ) 

Thread 5324
=====================
0x00007FFFAF1EF8A4	NULL (NULL:0) (ntdll:0x00007FFFAF150000) ( 0x0, 0x0, 0x0, 0x0 ) 
0x00007FFFAC64FC89	NULL (NULL:0) (KERNELBASE:0x00007FFFAC5F0000) ( 0x0, 0x1c2, 0x0, 0x0 ) 
0x00007FFFADCDAFED	NULL (NULL:0) (combase:0x00007FFFADC60000) ( 0x0, 0x0, 0x0, 0x0 ) 
0x00007FFFADCDAE5A	NULL (NULL:0) (combase:0x00007FFFADC60000) ( 0xffffffff, 0xa22850d0, 0x0, 0xa22850d0 ) 
0x00007FFFADCDAC5B	NULL (NULL:0) (combase:0x00007FFFADC60000) ( 0x0, 0x0, 0x0, 0x0 ) 
0x00007FFFADCDABD9	NULL (NULL:0) (combase:0x00007FFFADC60000) ( 0x0, 0x0, 0x0, 0x0 ) 
0x00007FFFAE22257D	NULL (NULL:0) (KERNEL32:0x00007FFFAE210000) ( 0x0, 0x0, 0x0, 0x0 ) 

Thread 8428
=====================
0x00007FFFAF1EEDD4	NULL (NULL:0) (ntdll:0x00007FFFAF150000) ( 0xbd7957f0, 0x9f630000, 0x1, 0x0 ) 
0x00007FFFAC623F7E	NULL (NULL:0) (KERNELBASE:0x00007FFFAC5F0000) ( 0xa1bc30d8, 0xa19cd560, 0x0, 0xc10 ) 
0x00007FFF8F768617	NULL (NULL:0) (baselibmt:0x00007FFF8F730000) ( 0xa1bc30d8, 0xbd794301, 0x8, 0x40 ) 
0x00007FFF8F9234D5	NULL (NULL:0) (asyncoremt:0x00007FFF8F8F0000) ( 0xa19d0a80, 0x9f6308f0, 0x0, 0xa19d0a80 ) 
0x00007FFF8F9237AF	NULL (NULL:0) (asyncoremt:0x00007FFF8F8F0000) ( 0xa246ee60, 0x0, 0x0, 0x0 ) 
0x00007FFFACD49363	NULL (NULL:0) (ucrtbase:0x00007FFFACD20000) ( 0x0, 0x0, 0x0, 0x0 ) 
0x00007FFFAE22257D	NULL (NULL:0) (KERNEL32:0x00007FFFAE210000) ( 0x0, 0x0, 0x0, 0x0 ) 

Thread 12484
=====================
0x00007FFFAF1EEDD4	NULL (NULL:0) (ntdll:0x00007FFFAF150000) ( 0x10, 0x8f522ebc, 0x10, 0x9f7b0870 ) 
0x00007FFFAC623F7E	NULL (NULL:0) (KERNELBASE:0x00007FFFAC5F0000) ( 0xa228b8f8, 0x0, 0x0, 0xc40 ) 
0x00007FFF8F7685EB	NULL (NULL:0) (baselibmt:0x00007FFF8F730000) ( 0x8f8cc7b0, 0x1, 0x8, 0x40 ) 
0x00007FFF8F813E45	NULL (NULL:0) (baselibmt:0x00007FFF8F730000) ( 0xa8ac2900, 0x0, 0xa228b8e0, 0x7fffffff ) 
0x00007FFFACD49363	NULL (NULL:0) (ucrtbase:0x00007FFFACD20000) ( 0x0, 0x0, 0x0, 0x0 ) 
0x00007FFFAE22257D	NULL (NULL:0) (KERNEL32:0x00007FFFAE210000) ( 0x0, 0x0, 0x0, 0x0 ) 

Thread 8784
=====================
0x00007FFFACB11534	NULL (NULL:0) (win32u:0x00007FFFACB10000) ( 0x0, 0x0, 0x0, 0x0 ) 
0x00007FFFAE311ED6	NULL (NULL:0) (USER32:0x00007FFFAE2F0000) ( 0x0, 0x0, 0x0, 0x0 ) 
0x00007FF7D07A0D43	NULL (NULL:0) (xtop:0x00007FF7C9630000) ( 0x0, 0x0, 0x0, 0x0 ) 
0x00007FFFAE22257D	NULL (NULL:0) (KERNEL32:0x00007FFFAE210000) ( 0x0, 0x0, 0x0, 0x0 ) 

Thread 14688
=====================
0x00007FFFAF1EF3D4	NULL (NULL:0) (ntdll:0x00007FFFAF150000) ( 0x0, 0xac61670d, 0x218, 0xaf15e507 ) 
0x00007FFFAF1A5193	NULL (NULL:0) (ntdll:0x00007FFFAF150000) ( 0x0, 0xac669bdb, 0x6cdde8a0, 0xae272854 ) 
0x00007FFFAC634B2D	NULL (NULL:0) (KERNELBASE:0x00007FFFAC5F0000) ( 0x4410, 0x0, 0xfff0bdc0, 0x15570000 ) 
0x00007FFF1635A5F0	NULL (NULL:0) (nvoglv64:0x00007FFF15570000) ( 0x0, 0x4410, 0x0, 0x0 ) 
0x00007FFFAE22257D	NULL (NULL:0) (KERNEL32:0x00007FFFAE210000) ( 0x0, 0x0, 0x0, 0x0 ) 

Thread 15408
=====================
0x00007FFFACB1ACF4	NULL (NULL:0) (win32u:0x00007FFFACB10000) ( 0x0, 0xac65a2ab, 0x0, 0x15570000 ) 
0x00007FFFAE3152F7	NULL (NULL:0) (USER32:0x00007FFFAE2F0000) ( 0x0, 0x6d58f930, 0x0, 0x0 ) 
0x00007FFF1632EDCF	NULL (NULL:0) (nvoglv64:0x00007FFF15570000) ( 0x0, 0x0, 0x0, 0x0 ) 
0x00007FFFAE22257D	NULL (NULL:0) (KERNEL32:0x00007FFFAE210000) ( 0x0, 0x0, 0x0, 0x0 ) 

Thread 14820
=====================
0x00007FFFAF1EEDD4	NULL (NULL:0) (ntdll:0x00007FFFAF150000) ( 0x0, 0x0, 0x0, 0x0 ) 
0x00007FFFAC623F7E	NULL (NULL:0) (KERNELBASE:0x00007FFFAC5F0000) ( 0x0, 0xaf1a3310, 0x0, 0xdbc ) 
0x00007FFEFA528A9F	NULL (NULL:0) (nvwgf2umx:0x00007FFEF9FE0000) ( 0x0, 0x0, 0xa248ab30, 0x0 ) 
0x00007FFEFA52890F	NULL (NULL:0) (nvwgf2umx:0x00007FFEF9FE0000) ( 0xa248ab30, 0x0, 0x0, 0x0 ) 
0x00007FFEFB2BE646	NULL (NULL:0) (nvwgf2umx:0x00007FFEF9FE0000) ( 0x0, 0x0, 0x0, 0x0 ) 
0x00007FFFAE22257D	NULL (NULL:0) (KERNEL32:0x00007FFFAE210000) ( 0x0, 0x0, 0x0, 0x0 ) 

Thread 3864
=====================
0x00007FFFAF1EEDD4	NULL (NULL:0) (ntdll:0x00007FFFAF150000) ( 0x0, 0x6d59fad0, 0x6d59fb20, 0x8 ) 
0x00007FFFAC623F7E	NULL (NULL:0) (KERNELBASE:0x00007FFFAC5F0000) ( 0x0, 0x0, 0x0, 0xdbc ) 
0x00007FFEFA528A9F	NULL (NULL:0) (nvwgf2umx:0x00007FFEF9FE0000) ( 0x80001, 0x1, 0xa248a890, 0x0 ) 
0x00007FFEFA52890F	NULL (NULL:0) (nvwgf2umx:0x00007FFEF9FE0000) ( 0x0, 0x0, 0x0, 0x0 ) 
0x00007FFEFB2BE646	NULL (NULL:0) (nvwgf2umx:0x00007FFEF9FE0000) ( 0x0, 0x0, 0x0, 0x0 ) 
0x00007FFFAE22257D	NULL (NULL:0) (KERNEL32:0x00007FFFAE210000) ( 0x0, 0x0, 0x0, 0x0 ) 

Thread 14392
=====================
0x00007FFFAF1EEDD4	NULL (NULL:0) (ntdll:0x00007FFFAF150000) ( 0x0, 0x0, 0x0, 0x0 ) 
0x00007FFFAC623F7E	NULL (NULL:0) (KERNELBASE:0x00007FFFAC5F0000) ( 0x0, 0xaf1a3310, 0x0, 0xdbc ) 
0x00007FFEFA528A9F	NULL (NULL:0) (nvwgf2umx:0x00007FFEF9FE0000) ( 0x0, 0x2, 0xa248a1d0, 0x0 ) 
0x00007FFEFA52890F	NULL (NULL:0) (nvwgf2umx:0x00007FFEF9FE0000) ( 0xa248a1d0, 0x0, 0x0, 0x0 ) 
0x00007FFEFB2BE646	NULL (NULL:0) (nvwgf2umx:0x00007FFEF9FE0000) ( 0x0, 0x0, 0x0, 0x0 ) 
0x00007FFFAE22257D	NULL (NULL:0) (KERNEL32:0x00007FFFAE210000) ( 0x0, 0x0, 0x0, 0x0 ) 

Thread 14956
=====================
0x00007FFFAF1EEDD4	NULL (NULL:0) (ntdll:0x00007FFFAF150000) ( 0x0, 0x0, 0x0, 0x0 ) 
0x00007FFFAC623F7E	NULL (NULL:0) (KERNELBASE:0x00007FFFAC5F0000) ( 0x0, 0xaf1a3310, 0x0, 0xdbc ) 
0x00007FFEFA528A9F	NULL (NULL:0) (nvwgf2umx:0x00007FFEF9FE0000) ( 0x0, 0x3, 0xa248a440, 0x0 ) 
0x00007FFEFA52890F	NULL (NULL:0) (nvwgf2umx:0x00007FFEF9FE0000) ( 0xa248a440, 0x0, 0x0, 0x0 ) 
0x00007FFEFB2BE646	NULL (NULL:0) (nvwgf2umx:0x00007FFEF9FE0000) ( 0x0, 0x0, 0x0, 0x0 ) 
0x00007FFFAE22257D	NULL (NULL:0) (KERNEL32:0x00007FFFAE210000) ( 0x0, 0x0, 0x0, 0x0 ) 

Thread 15776
=====================
0x00007FFFAF1EEDD4	NULL (NULL:0) (ntdll:0x00007FFFAF150000) ( 0x0, 0x0, 0x0, 0x0 ) 
0x00007FFFAC623F7E	NULL (NULL:0) (KERNELBASE:0x00007FFFAC5F0000) ( 0x0, 0xaf1a3310, 0x0, 0xdbc ) 
0x00007FFEFA528A9F	NULL (NULL:0) (nvwgf2umx:0x00007FFEF9FE0000) ( 0x0, 0x4, 0xa2290fa0, 0x0 ) 
0x00007FFEFA52890F	NULL (NULL:0) (nvwgf2umx:0x00007FFEF9FE0000) ( 0xa2290fa0, 0x0, 0x0, 0x0 ) 
0x00007FFEFB2BE646	NULL (NULL:0) (nvwgf2umx:0x00007FFEF9FE0000) ( 0x0, 0x0, 0x0, 0x0 ) 
0x00007FFFAE22257D	NULL (NULL:0) (KERNEL32:0x00007FFFAE210000) ( 0x0, 0x0, 0x0, 0x0 ) 

Thread 17420
=====================
0x00007FFFAF1EEDD4	NULL (NULL:0) (ntdll:0x00007FFFAF150000) ( 0x0, 0x0, 0x0, 0x0 ) 
0x00007FFFAC623F7E	NULL (NULL:0) (KERNELBASE:0x00007FFFAC5F0000) ( 0x0, 0xaf1a3310, 0x0, 0xdbc ) 
0x00007FFEFA528A9F	NULL (NULL:0) (nvwgf2umx:0x00007FFEF9FE0000) ( 0x0, 0x5, 0xa22910f0, 0x0 ) 
0x00007FFEFA52890F	NULL (NULL:0) (nvwgf2umx:0x00007FFEF9FE0000) ( 0xa22910f0, 0x0, 0x0, 0x0 ) 
0x00007FFEFB2BE646	NULL (NULL:0) (nvwgf2umx:0x00007FFEF9FE0000) ( 0x0, 0x0, 0x0, 0x0 ) 
0x00007FFFAE22257D	NULL (NULL:0) (KERNEL32:0x00007FFFAE210000) ( 0x0, 0x0, 0x0, 0x0 ) 

Thread 3188
=====================
0x00007FFFAF1EEDD4	NULL (NULL:0) (ntdll:0x00007FFFAF150000) ( 0x0, 0xaf1f2d94, 0x0, 0x0 ) 
0x00007FFFAC623F7E	NULL (NULL:0) (KERNELBASE:0x00007FFFAC5F0000) ( 0xa8fb6e98, 0xa8fb6e78, 0x0, 0xde0 ) 
0x00007FFEFA423CD8	NULL (NULL:0) (nvwgf2umx:0x00007FFEF9FE0000) ( 0xa2291b10, 0xa2291b10, 0x0, 0x0 ) 
0x00007FFEFB2BE646	NULL (NULL:0) (nvwgf2umx:0x00007FFEF9FE0000) ( 0x0, 0x0, 0x0, 0x0 ) 
0x00007FFFAE22257D	NULL (NULL:0) (KERNEL32:0x00007FFFAE210000) ( 0x0, 0x0, 0x0, 0x0 ) 

Thread 15948
=====================
0x00007FFFAF1EF8A4	NULL (NULL:0) (ntdll:0x00007FFFAF150000) ( 0x0, 0x0, 0x0, 0x0 ) 
0x00007FFFAC64FC89	NULL (NULL:0) (KERNELBASE:0x00007FFFAC5F0000) ( 0x0, 0x0, 0xb5eee460, 0xfc840220 ) 
0x00007FFFAC64FB8E	NULL (NULL:0) (KERNELBASE:0x00007FFFAC5F0000) ( 0x406d1388, 0x0, 0xac65531c, 0x6 ) 
0x00007FFEFA27A0D7	NULL (NULL:0) (nvwgf2umx:0x00007FFEF9FE0000) ( 0xb5eee460, 0xfc840220, 0xb5eee460, 0x0 ) 
0x00007FFEFA5085AA	NULL (NULL:0) (nvwgf2umx:0x00007FFEF9FE0000) ( 0x9f2fd210, 0x0, 0x0, 0x0 ) 
0x00007FFEFB2BE646	NULL (NULL:0) (nvwgf2umx:0x00007FFEF9FE0000) ( 0x0, 0x0, 0x0, 0x0 ) 
0x00007FFFAE22257D	NULL (NULL:0) (KERNEL32:0x00007FFFAE210000) ( 0x0, 0x0, 0x0, 0x0 ) 

Thread 4032
=====================
0x00007FFFAF1EEDD4	NULL (NULL:0) (ntdll:0x00007FFFAF150000) ( 0xa19f8bb0, 0x8f926dc7, 0x0, 0x0 ) 
0x00007FFFAC623F7E	NULL (NULL:0) (KERNELBASE:0x00007FFFAC5F0000) ( 0x8f980158, 0xb9b1aa60, 0x0, 0x438 ) 
0x00007FFF8F7685EB	NULL (NULL:0) (baselibmt:0x00007FFF8F730000) ( 0xa19f8ae0, 0xa19f8ae0, 0x0, 0x1 ) 
0x00007FFF8F92763F	NULL (NULL:0) (asyncoremt:0x00007FFF8F8F0000) ( 0x8f97c401, 0x209, 0x0, 0x0 ) 
0x00007FFF8F813C0F	NULL (NULL:0) (baselibmt:0x00007FFF8F730000) ( 0xa8bcb900, 0x0, 0xbd99d040, 0x0 ) 
0x00007FFFACD49363	NULL (NULL:0) (ucrtbase:0x00007FFFACD20000) ( 0x0, 0x0, 0x0, 0x0 ) 
0x00007FFFAE22257D	NULL (NULL:0) (KERNEL32:0x00007FFFAE210000) ( 0x0, 0x0, 0x0, 0x0 ) 

Thread 6176
=====================
0x00007FFFAF1EEDD4	NULL (NULL:0) (ntdll:0x00007FFFAF150000) ( 0xa19f9e10, 0x8f926dc7, 0xc1493508, 0xd19e1d5d ) 
0x00007FFFAC623F7E	NULL (NULL:0) (KERNELBASE:0x00007FFFAC5F0000) ( 0x8f980158, 0xb9b7e510, 0x0, 0x438 ) 
0x00007FFF8F7685EB	NULL (NULL:0) (baselibmt:0x00007FFF8F730000) ( 0xa19f9d40, 0xa19f9d40, 0x0, 0x1 ) 
0x00007FFF8F92763F	NULL (NULL:0) (asyncoremt:0x00007FFF8F8F0000) ( 0x8f97c501, 0x197, 0x0, 0x0 ) 
0x00007FFF8F813C0F	NULL (NULL:0) (baselibmt:0x00007FFF8F730000) ( 0xa8bcb700, 0x0, 0xbd99d7c0, 0x0 ) 
0x00007FFFACD49363	NULL (NULL:0) (ucrtbase:0x00007FFFACD20000) ( 0x0, 0x0, 0x0, 0x0 ) 
0x00007FFFAE22257D	NULL (NULL:0) (KERNEL32:0x00007FFFAE210000) ( 0x0, 0x0, 0x0, 0x0 ) 

Thread 15728
=====================
0x00007FFFAF1EEDD4	NULL (NULL:0) (ntdll:0x00007FFFAF150000) ( 0xa19f96af, 0x5, 0xffffffff, 0xa19e68a0 ) 
0x00007FFFAC623F7E	NULL (NULL:0) (KERNELBASE:0x00007FFFAC5F0000) ( 0x8f980158, 0xa6145360, 0x0, 0x438 ) 
0x00007FFF8F7685EB	NULL (NULL:0) (baselibmt:0x00007FFF8F730000) ( 0xa19f9aa0, 0xa19f9aa0, 0x0, 0x1 ) 
0x00007FFF8F92763F	NULL (NULL:0) (asyncoremt:0x00007FFF8F8F0000) ( 0x8f97c501, 0x19e, 0x0, 0x0 ) 
0x00007FFF8F813C0F	NULL (NULL:0) (baselibmt:0x00007FFF8F730000) ( 0xa8bcb700, 0x0, 0xbd99db40, 0x0 ) 
0x00007FFFACD49363	NULL (NULL:0) (ucrtbase:0x00007FFFACD20000) ( 0x0, 0x0, 0x0, 0x0 ) 
0x00007FFFAE22257D	NULL (NULL:0) (KERNEL32:0x00007FFFAE210000) ( 0x0, 0x0, 0x0, 0x0 ) 

Thread 6696
=====================
0x00007FFFAF1EEDD4	NULL (NULL:0) (ntdll:0x00007FFFAF150000) ( 0xa19f90f0, 0x8f926dc7, 0xc1497488, 0xd19e1d5d ) 
0x00007FFFAC623F7E	NULL (NULL:0) (KERNELBASE:0x00007FFFAC5F0000) ( 0x8f980158, 0x9f8b4630, 0x0, 0x438 ) 
0x00007FFF8F7685EB	NULL (NULL:0) (baselibmt:0x00007FFF8F730000) ( 0xa19f9020, 0xa19f9020, 0x0, 0x1 ) 
0x00007FFF8F92763F	NULL (NULL:0) (asyncoremt:0x00007FFF8F8F0000) ( 0x8f97c601, 0x1a5, 0x0, 0x0 ) 
0x00007FFF8F813C0F	NULL (NULL:0) (baselibmt:0x00007FFF8F730000) ( 0xa8bcb800, 0x0, 0xbd99d9c0, 0x0 ) 
0x00007FFFACD49363	NULL (NULL:0) (ucrtbase:0x00007FFFACD20000) ( 0x0, 0x0, 0x0, 0x0 ) 
0x00007FFFAE22257D	NULL (NULL:0) (KERNEL32:0x00007FFFAE210000) ( 0x0, 0x0, 0x0, 0x0 ) 

Thread 7132
=====================
0x00007FFFAF1EEDD4	NULL (NULL:0) (ntdll:0x00007FFFAF150000) ( 0xa19f9240, 0x8f926dc7, 0xc149ab88, 0xd19e1d5d ) 
0x00007FFFAC623F7E	NULL (NULL:0) (KERNELBASE:0x00007FFFAC5F0000) ( 0x8f980158, 0x9fbb0870, 0x0, 0x438 ) 
0x00007FFF8F7685EB	NULL (NULL:0) (baselibmt:0x00007FFF8F730000) ( 0xa19f9170, 0xa19f9170, 0x0, 0x1 ) 
0x00007FFF8F92763F	NULL (NULL:0) (asyncoremt:0x00007FFF8F8F0000) ( 0x8f97c601, 0x33a, 0x0, 0x0 ) 
0x00007FFF8F813C0F	NULL (NULL:0) (baselibmt:0x00007FFF8F730000) ( 0xa8bcb800, 0x0, 0xbd99dd40, 0x0 ) 
0x00007FFFACD49363	NULL (NULL:0) (ucrtbase:0x00007FFFACD20000) ( 0x0, 0x0, 0x0, 0x0 ) 
0x00007FFFAE22257D	NULL (NULL:0) (KERNEL32:0x00007FFFAE210000) ( 0x0, 0x0, 0x0, 0x0 ) 

Thread 15544
=====================
0x00007FFFAF1EEDD4	NULL (NULL:0) (ntdll:0x00007FFFAF150000) ( 0x0, 0xaf1f2d94, 0x0, 0x0 ) 
0x00007FFFAC623F7E	NULL (NULL:0) (KERNELBASE:0x00007FFFAC5F0000) ( 0xbdb1e398, 0xbdb1e378, 0x0, 0x11d8 ) 
0x00007FFEFA423CD8	NULL (NULL:0) (nvwgf2umx:0x00007FFEF9FE0000) ( 0xb66c3700, 0xb66c3700, 0x0, 0x0 ) 
0x00007FFEFB2BE646	NULL (NULL:0) (nvwgf2umx:0x00007FFEF9FE0000) ( 0x0, 0x0, 0x0, 0x0 ) 
0x00007FFFAE22257D	NULL (NULL:0) (KERNEL32:0x00007FFFAE210000) ( 0x0, 0x0, 0x0, 0x0 ) 

Thread 17164
=====================
0x00007FFFAF1EEDD4	NULL (NULL:0) (ntdll:0x00007FFFAF150000) ( 0x0, 0xaf1f2d94, 0x0, 0x0 ) 
0x00007FFFAC623F7E	NULL (NULL:0) (KERNELBASE:0x00007FFFAC5F0000) ( 0xb66651d8, 0xb66651b8, 0x0, 0xfd0 ) 
0x00007FFEFA423CD8	NULL (NULL:0) (nvwgf2umx:0x00007FFEF9FE0000) ( 0xb6ab0e30, 0xb6ab0e30, 0x0, 0x0 ) 
0x00007FFEFB2BE646	NULL (NULL:0) (nvwgf2umx:0x00007FFEF9FE0000) ( 0x0, 0x0, 0x0, 0x0 ) 
0x00007FFFAE22257D	NULL (NULL:0) (KERNEL32:0x00007FFFAE210000) ( 0x0, 0x0, 0x0, 0x0 ) 

Thread 17176
=====================
0x00007FFFAF1EEDD4	NULL (NULL:0) (ntdll:0x00007FFFAF150000) ( 0x8, 0x8f522ebc, 0x8, 0x9f7b0870 ) 
0x00007FFFAC623F7E	NULL (NULL:0) (KERNELBASE:0x00007FFFAC5F0000) ( 0xbd99f858, 0x0, 0x0, 0x13d0 ) 
0x00007FFF8F7685EB	NULL (NULL:0) (baselibmt:0x00007FFF8F730000) ( 0xa1df0c28, 0x1, 0x8, 0x40 ) 
0x00007FFF8F813E45	NULL (NULL:0) (baselibmt:0x00007FFF8F730000) ( 0xb601eb00, 0x0, 0xbd99f840, 0x7fffffff ) 
0x00007FFFACD49363	NULL (NULL:0) (ucrtbase:0x00007FFFACD20000) ( 0x0, 0x0, 0x0, 0x0 ) 
0x00007FFFAE22257D	NULL (NULL:0) (KERNEL32:0x00007FFFAE210000) ( 0x0, 0x0, 0x0, 0x0 ) 

Thread 15848
=====================
0x00007FFFAF1EEDD4	NULL (NULL:0) (ntdll:0x00007FFFAF150000) ( 0x0, 0x0, 0x9f7b0870, 0x8f51dc34 ) 
0x00007FFFAC623F7E	NULL (NULL:0) (KERNELBASE:0x00007FFFAC5F0000) ( 0xbd99f6d8, 0x0, 0x0, 0x11ac ) 
0x00007FFF8F7685EB	NULL (NULL:0) (baselibmt:0x00007FFF8F730000) ( 0xb59e00e0, 0x1, 0x8, 0x40 ) 
0x00007FFF8F813E45	NULL (NULL:0) (baselibmt:0x00007FFF8F730000) ( 0xb601ec00, 0x0, 0xbd99f6c0, 0x7fffffff ) 
0x00007FFFACD49363	NULL (NULL:0) (ucrtbase:0x00007FFFACD20000) ( 0x0, 0x0, 0x0, 0x0 ) 
0x00007FFFAE22257D	NULL (NULL:0) (KERNEL32:0x00007FFFAE210000) ( 0x0, 0x0, 0x0, 0x0 ) 

Thread 3704
=====================
0x00007FFFACB11534	NULL (NULL:0) (win32u:0x00007FFFACB10000) ( 0x400, 0x739ef8a0, 0x2, 0x0 ) 
0x00007FFFAE311ED6	NULL (NULL:0) (USER32:0x00007FFFAE2F0000) ( 0x1198, 0x0, 0x0, 0x0 ) 
0x00007FF7CF02BA53	NULL (NULL:0) (xtop:0x00007FF7C9630000) ( 0x0, 0x0, 0x0, 0x0 ) 
0x00007FFFAE22257D	NULL (NULL:0) (KERNEL32:0x00007FFFAE210000) ( 0x0, 0x0, 0x0, 0x0 ) 

Thread 17880
=====================
0x00007FFFAF1EF3D4	NULL (NULL:0) (ntdll:0x00007FFFAF150000) ( 0x0, 0xffffffff, 0x53, 0xffffffff ) 
0x00007FFFAF1A5193	NULL (NULL:0) (ntdll:0x00007FFFAF150000) ( 0x0, 0x9f581080, 0x7419f580, 0xb58f1240 ) 
0x00007FFFAC634B2D	NULL (NULL:0) (KERNELBASE:0x00007FFFAC5F0000) ( 0x7, 0x0, 0xff676980, 0x1 ) 
0x00007FFF8F8128D8	NULL (NULL:0) (baselibmt:0x00007FFF8F730000) ( 0x6, 0x1, 0x1, 0x0 ) 
0x00007FF7CF02B316	NULL (NULL:0) (xtop:0x00007FF7C9630000) ( 0xb5279220, 0x0, 0x0, 0xb58f5958 ) 
0x00007FFF90E3A484	NULL (NULL:0) (coretools_sh:0x00007FFF90DF0000) ( 0xb5c832c0, 0xb5c832c0, 0x0, 0x0 ) 
0x00007FFF8F813C0F	NULL (NULL:0) (baselibmt:0x00007FFF8F730000) ( 0xb696db00, 0x0, 0xbd99e740, 0x0 ) 
0x00007FFFACD49363	NULL (NULL:0) (ucrtbase:0x00007FFFACD20000) ( 0x0, 0x0, 0x0, 0x0 ) 
0x00007FFFAE22257D	NULL (NULL:0) (KERNEL32:0x00007FFFAE210000) ( 0x0, 0x0, 0x0, 0x0 ) 

Thread 10144
=====================
0x00007FFFAF1EEDD4	NULL (NULL:0) (ntdll:0x00007FFFAF150000) ( 0x2, 0x0, 0x0, 0x0 ) 
0x00007FFFAC623F7E	NULL (NULL:0) (KERNELBASE:0x00007FFFAC5F0000) ( 0x5, 0x0, 0x0, 0x1640 ) 
0x00007FFF8F76FADC	NULL (NULL:0) (baselibmt:0x00007FFF8F730000) ( 0xb693c590, 0xae1802b0, 0x0, 0x0 ) 
0x00007FFF90F76E81	NULL (NULL:0) (coreutils_sh:0x00007FFF90F60000) ( 0xb5c838b0, 0x0, 0x0, 0x0 ) 
0x00007FFF8F813C0F	NULL (NULL:0) (baselibmt:0x00007FFF8F730000) ( 0xb6a00d00, 0x0, 0xbd9a2f40, 0x0 ) 
0x00007FFFACD49363	NULL (NULL:0) (ucrtbase:0x00007FFFACD20000) ( 0x0, 0x0, 0x0, 0x0 ) 
0x00007FFFAE22257D	NULL (NULL:0) (KERNEL32:0x00007FFFAE210000) ( 0x0, 0x0, 0x0, 0x0 ) 

Thread 10360
=====================
0x00007FFFAF1EEDD4	NULL (NULL:0) (ntdll:0x00007FFFAF150000) ( 0xa19f9800, 0xaf18ab01, 0xa19f97f0, 0x9f630000 ) 
0x00007FFFAC623F7E	NULL (NULL:0) (KERNELBASE:0x00007FFFAC5F0000) ( 0xa1bc30d8, 0xa19cd640, 0x0, 0xc04 ) 
0x00007FFF8F768617	NULL (NULL:0) (baselibmt:0x00007FFF8F730000) ( 0xa1bc30d8, 0xbd793301, 0x8, 0x40 ) 
0x00007FFF8F9234D5	NULL (NULL:0) (asyncoremt:0x00007FFF8F8F0000) ( 0xa1a02ee0, 0x9f6308f0, 0x0, 0xa1a02ee0 ) 
0x00007FFF8F9237AF	NULL (NULL:0) (asyncoremt:0x00007FFF8F8F0000) ( 0xb6b277b0, 0x0, 0x0, 0x0 ) 
0x00007FFFACD49363	NULL (NULL:0) (ucrtbase:0x00007FFFACD20000) ( 0x0, 0x0, 0x0, 0x0 ) 
0x00007FFFAE22257D	NULL (NULL:0) (KERNEL32:0x00007FFFAE210000) ( 0x0, 0x0, 0x0, 0x0 ) 
